
[RUN] 'C:\Users\smile\AppData\Local\Python\pythoncore-3.14-64\python.exe' fetch_index.py
status: 200
Saved 24 rows to reports_index.csv
[INFO] Preserved history for reports_index.csv: new=24 old=24 merged=25

[RUN] 'C:\Users\smile\AppData\Local\Python\pythoncore-3.14-64\python.exe' fetch_manifest.py
Saved 25 rows to reports_manifest.csv. 
[INFO] Preserved history for reports_manifest.csv: new=25 old=24 merged=26

[RUN] 'C:\Users\smile\AppData\Local\Python\pythoncore-3.14-64\python.exe' download_pdfs.py
[INFO] Preserved history for reports_downloads.csv: new=26 old=24 merged=26

[RUN] 'C:\Users\smile\AppData\Local\Python\pythoncore-3.14-64\python.exe' extract_pdfs.py --workers 4
[INFO] PDFs found: 27 | to-parse: 1 | skipped: 26
[1/1] 2026-03 -> OK
[INFO] Parsing finished in 0.37s
[OK] Wrote: data\parsed\monthly_summary.csv
[OK] Wrote: data\parsed\price_ranges.csv
[OK] Wrote: data\parsed\parse_failures.csv (rows=0)
[OK] Wrote: data\parsed\parse_run_log.jsonl

[RUN] 'C:\Users\smile\AppData\Local\Python\pythoncore-3.14-64\python.exe' build_analytics.py
[OK] Wrote: data\analytics\monthly_metrics.csv
[OK] Wrote: data\analytics\price_ranges_enriched.csv
[OK] Wrote: data\analytics\analytics_dq_issues.csv (rows=1)
[OK] Wrote: data\analytics\build_analytics_run_log.jsonl
